  Plane3D.cpp
..\gl_common\Plane3D.cpp(138): warning C4267: '=': conversion from 'size_t' to 'int', possible loss of data
..\gl_common\Plane3D.cpp(223): warning C4244: '=': conversion from 'double' to 'float', possible loss of data
..\gl_common\Plane3D.cpp(224): warning C4244: '=': conversion from 'double' to 'float', possible loss of data
..\gl_common\Plane3D.cpp(229): warning C4244: '=': conversion from 'double' to 'float', possible loss of data
..\gl_common\Plane3D.cpp(230): warning C4244: '=': conversion from 'double' to 'float', possible loss of data
..\gl_common\Plane3D.cpp(235): warning C4244: '=': conversion from 'double' to 'float', possible loss of data
..\gl_common\Plane3D.cpp(236): warning C4244: '=': conversion from 'double' to 'float', possible loss of data
..\gl_common\Plane3D.cpp(241): warning C4244: '=': conversion from 'double' to 'float', possible loss of data
..\gl_common\Plane3D.cpp(242): warning C4244: '=': conversion from 'double' to 'float', possible loss of data
  Texture.cpp
..\gl_common\Texture.cpp(43): warning C4267: 'initializing': conversion from 'size_t' to 'int', possible loss of data
..\gl_common\Texture.cpp(73): warning C4996: 'fopen': This function or variable may be unsafe. Consider using fopen_s instead. To disable deprecation, use _CRT_SECURE_NO_WARNINGS. See online help for details.
  C:\Program Files (x86)\Windows Kits\10\Include\10.0.10240.0\ucrt\stdio.h(205): note: see declaration of 'fopen'
..\gl_common\Texture.cpp(741): warning C4267: 'initializing': conversion from 'size_t' to 'int', possible loss of data
..\gl_common\Texture.cpp(765): warning C4996: 'fopen': This function or variable may be unsafe. Consider using fopen_s instead. To disable deprecation, use _CRT_SECURE_NO_WARNINGS. See online help for details.
  C:\Program Files (x86)\Windows Kits\10\Include\10.0.10240.0\ucrt\stdio.h(205): note: see declaration of 'fopen'
..\gl_common\Texture.cpp(825): warning C4267: 'initializing': conversion from 'size_t' to 'int', possible loss of data
  HCI557Common.cpp
C:\Users\Mihir\Documents\GitHub\HCI-557-CG\gl_common\HCI557Common.cpp(133): warning C4244: '=': conversion from 'double' to 'int', possible loss of data
C:\Users\Mihir\Documents\GitHub\HCI-557-CG\gl_common\HCI557Common.cpp(134): warning C4244: '=': conversion from 'double' to 'int', possible loss of data
C:\Users\Mihir\Documents\GitHub\HCI-557-CG\gl_common\HCI557Common.cpp(267): warning C4305: 'return': truncation from 'int' to 'bool'
C:\Users\Mihir\Documents\GitHub\HCI-557-CG\gl_common\HCI557Common.cpp(276): warning C4996: 'sscanf': This function or variable may be unsafe. Consider using sscanf_s instead. To disable deprecation, use _CRT_SECURE_NO_WARNINGS. See online help for details.
  C:\Program Files (x86)\Windows Kits\10\Include\10.0.10240.0\ucrt\stdio.h(2254): note: see declaration of 'sscanf'
  Generating Code...
c:\users\mihir\documents\github\hci-557-cg\gl_common\hci557common.cpp(97): warning C4715: 'GetCurrentCameraTranslation': not all control paths return a value
c:\users\mihir\documents\github\hci-557-cg\gl_common\hci557common.cpp(80): warning C4715: 'GetCurrentCameraMatrix': not all control paths return a value
LINK : warning LNK4098: defaultlib 'MSVCRT' conflicts with use of other libs; use /NODEFAULTLIB:library
  HCI557_ObjLoader.vcxproj -> C:\Users\Mihir\Documents\GitHub\HCI-557-CG\20_Model_Loader\Debug\HCI557_ObjLoader.exe
